2009/03/16 16:29:41 FATAL> Directory /opt/janitor/work/reg/ does not exists
2009/03/17 13:31:43 FATAL> Directory /var/spool/nordugrid/janitor/ does not exists
2009/03/17 13:46:46 FATAL> Directory /var/spool/nordugrid/janitor/ does not exists
2009/03/17 13:47:02 FATAL> Directory /var/spool/nordugrid/janitor/ does not exists
2009/03/17 16:45:18 FATAL> Could not register job 1234. Maybe there is already such a job registered.
2009/03/17 16:59:06 ERROR> 1234: no such job
2009/03/17 17:13:55 ERROR> 1234: Can't deploy: no such job
2009/03/17 17:13:55 ERROR> 1234: no such job
2009/03/17 17:15:07 ERROR> 1234: Can't deploy: no such job
2009/03/17 17:15:07 ERROR> 1234: no such job
2009/03/17 17:17:27 ERROR> 1234: Can't deploy: no such job
2009/03/17 17:17:27 ERROR> 1234: no such job
2009/03/17 17:18:29 ERROR> 1234: Can't deploy: no such job
2009/03/17 17:18:29 ERROR> 1234: no such job
2009/03/17 17:19:46 ERROR> 1234: Can't deploy: no such job
2009/03/17 17:19:46 ERROR> 1234: no such job
2009/03/17 17:21:17 ERROR> 1234: Can't deploy: no such job
2009/03/17 17:21:17 ERROR> 1234: no such job
2009/03/17 17:22:02 ERROR> 1234: Can't deploy: no such job
2009/03/17 17:22:03 ERROR> 1234: no such job
2009/03/18 09:45:52 ERROR> 1234: Can't deploy: no such job
2009/03/18 09:45:52 ERROR> 1234: no such job
2009/03/18 09:53:39 ERROR> 1234: Can't deploy: no such job
2009/03/18 09:53:39 ERROR> 1234: no such job
2009/03/18 09:57:04 ERROR> 1234: Can't deploy: no such job
2009/03/18 09:57:04 ERROR> 1234: no such job
2009/03/18 10:12:37 ERROR> 1234: Can't deploy: no such job
2009/03/18 10:12:37 ERROR> 1234: no such job
2009/03/18 10:57:29 FATAL> Currently only TarPackages are supported.
2009/03/18 10:57:29 ERROR> 1234: Error while installing 
2009/03/18 10:57:29 ERROR> 1234: Can't provide requested RTEs: installation FAILED
2009/03/18 10:57:29 ERROR> 1234: no such job
2009/03/18 11:54:27 ERROR> error in handle_client_request: Illegal seek
2009/03/18 15:16:20 ERROR> 4322: no such job
2009/03/18 15:16:21 ERROR> 4322: Can't deploy: no such job
2009/03/18 15:51:58 ERROR> 4322: Can't deploy: no such job
2009/03/18 15:51:58 ERROR> 4322: no such job
2009/03/18 16:38:51 FATAL> Could not register job 4322. Maybe there is already such a job registered.
2009/03/19 14:11:34 ERROR> 4322: Can't deploy: no such job.
2009/03/19 14:15:34 ERROR> 4322: Can't deploy: no such job.
2009/03/19 14:16:02 ERROR> 4322: Can't deploy: no such job.
2009/03/19 14:18:14 ERROR> 4322: Can't deploy: no such job.
2009/03/19 14:18:36 ERROR> 4322: Can't deploy: no such job.
2009/03/19 14:19:10 ERROR> 4322: Can't deploy: no such job.
2009/03/19 14:21:23 FATAL> Currently only TarPackages are supported.
2009/03/19 14:21:23 ERROR> 4321: Error while installing 
2009/03/19 14:21:23 ERROR> 4321: Can't provide requested RTEs: installation FAILED
2009/03/19 14:21:23 ERROR> 4321: no such job
2009/03/19 14:26:16 FATAL> Currently only TarPackages are supported.
2009/03/19 14:26:16 ERROR> 4321: Error while installing 
2009/03/19 14:26:16 ERROR> 4321: Can't provide requested RTEs: installation FAILED
2009/03/19 14:26:17 ERROR> 4321: no such job
2009/03/19 14:31:21 FATAL> Currently only TarPackages are supported.
2009/03/19 14:31:21 ERROR> 4321: Error while installing 
2009/03/19 14:31:21 ERROR> 4321: Can't provide requested RTEs: installation FAILED
2009/03/19 14:31:21 ERROR> 4321: no such job
2009/03/19 14:33:41 ERROR> 4321: Can't provide requested RTEs: installation FAILED
2009/03/19 14:33:41 ERROR> 4321: no such job
2009/03/19 14:36:02 ERROR> 4321: Can't provide requested RTEs: installation FAILED
2009/03/19 14:36:02 ERROR> 4321: no such job
2009/03/27 15:35:23 ERROR> : Can't deploy: no such job.
2009/03/31 12:11:31 FATAL> Can not create directory /nfshome/knowarc/dredesign/src/services/dRE3/perl/spool//jobs: File exists
